<?xml version="1.0" encoding="UTF-8"?>
<!-- Generated by org.testng.reporters.JUnitXMLReporter -->
<testsuite hostname="VWBXINGLIOA1" name="all-test" tests="32" failures="4" timestamp="22 Nov 2019 03:46:24 GMT" time="12.892" errors="0">
  <testcase name="test_case" time="2.062" classname="com.portal.base.testCase.All_Test_Case"/>
  <testcase name="test_case" time="0.108" classname="com.portal.base.testCase.All_Test_Case"/>
  <testcase name="test_case" time="0.11" classname="com.portal.base.testCase.All_Test_Case"/>
  <testcase name="test_case" time="0.136" classname="com.portal.base.testCase.All_Test_Case"/>
  <testcase name="test_case" time="0.102" classname="com.portal.base.testCase.All_Test_Case"/>
  <testcase name="test_case" time="0.046" classname="com.portal.base.testCase.All_Test_Case"/>
  <testcase name="test_case" time="0.018" classname="com.portal.base.testCase.All_Test_Case">
    <failure type="com.jayway.jsonpath.PathNotFoundException" message="Expected to find an object with property [&amp;apos;code&amp;apos;] in path $ but found &amp;apos;java.lang.String&amp;apos;. This is not a json object according to the JsonProvider: &amp;apos;com.jayway.jsonpath.spi.json.JsonSmartJsonProvider&amp;apos;.">
      <![CDATA[com.jayway.jsonpath.PathNotFoundException: Expected to find an object with property ['code'] in path $ but found 'java.lang.String'. This is not a json object according to the JsonProvider: 'com.jayway.jsonpath.spi.json.JsonSmartJsonProvider'.
	at com.jayway.jsonpath.internal.path.PropertyPathToken.evaluate(PropertyPathToken.java:71)
	at com.jayway.jsonpath.internal.path.RootPathToken.evaluate(RootPathToken.java:62)
	at com.jayway.jsonpath.internal.path.CompiledPath.evaluate(CompiledPath.java:53)
	at com.jayway.jsonpath.internal.path.CompiledPath.evaluate(CompiledPath.java:61)
	at com.jayway.jsonpath.JsonPath.read(JsonPath.java:187)
	at com.jayway.jsonpath.internal.JsonContext.read(JsonContext.java:102)
	at com.jayway.jsonpath.internal.JsonContext.read(JsonContext.java:85)
	at com.jayway.jsonpath.JsonPath.read(JsonPath.java:488)
	at com.portal.base.utils.AssertUtils.assertRespKeyInfo(AssertUtils.java:45)
	at com.portal.base.testCase.All_Test_Case.test_case(All_Test_Case.java:56)
... Removed 24 stack frames]]>
    </failure>
  </testcase> <!-- test_case -->
  <testcase name="test_case" time="1.12" classname="com.portal.base.testCase.All_Test_Case"/>
  <testcase name="test_case" time="0.094" classname="com.portal.base.testCase.All_Test_Case"/>
  <testcase name="test_case" time="0.071" classname="com.portal.base.testCase.All_Test_Case"/>
  <testcase name="test_case" time="0.117" classname="com.portal.base.testCase.All_Test_Case"/>
  <testcase name="test_case" time="2.269" classname="com.portal.base.testCase.All_Test_Case"/>
  <testcase name="test_case" time="0.09" classname="com.portal.base.testCase.All_Test_Case"/>
  <testcase name="test_case" time="1.17" classname="com.portal.base.testCase.All_Test_Case"/>
  <testcase name="test_case" time="0.266" classname="com.portal.base.testCase.All_Test_Case"/>
  <testcase name="test_case" time="0.154" classname="com.portal.base.testCase.All_Test_Case"/>
  <testcase name="test_case" time="0.18" classname="com.portal.base.testCase.All_Test_Case"/>
  <testcase name="test_case" time="0.232" classname="com.portal.base.testCase.All_Test_Case"/>
  <testcase name="test_case" time="0.291" classname="com.portal.base.testCase.All_Test_Case"/>
  <testcase name="test_case" time="0.086" classname="com.portal.base.testCase.All_Test_Case"/>
  <testcase name="test_case" time="0.122" classname="com.portal.base.testCase.All_Test_Case"/>
  <testcase name="test_case" time="0.083" classname="com.portal.base.testCase.All_Test_Case"/>
  <testcase name="test_case" time="0.038" classname="com.portal.base.testCase.All_Test_Case"/>
  <testcase name="test_case" time="0.361" classname="com.portal.base.testCase.All_Test_Case"/>
  <testcase name="test_case" time="0.283" classname="com.portal.base.testCase.All_Test_Case"/>
  <testcase name="test_case" time="0.383" classname="com.portal.base.testCase.All_Test_Case"/>
  <testcase name="test_case" time="0.119" classname="com.portal.base.testCase.All_Test_Case"/>
  <testcase name="test_case" time="0.812" classname="com.portal.base.testCase.All_Test_Case"/>
  <testcase name="test_case" time="0.205" classname="com.portal.base.testCase.All_Test_Case"/>
  <testcase name="test_case" time="0.167" classname="com.portal.base.testCase.All_Test_Case">
    <failure type="com.jayway.jsonpath.PathNotFoundException" message="No results for path: $[&amp;apos;result&amp;apos;][&amp;apos;OPEN_ID&amp;apos;]">
      <![CDATA[com.jayway.jsonpath.PathNotFoundException: No results for path: $['result']['OPEN_ID']
	at com.jayway.jsonpath.internal.path.EvaluationContextImpl.getValue(EvaluationContextImpl.java:133)
	at com.jayway.jsonpath.JsonPath.read(JsonPath.java:187)
	at com.jayway.jsonpath.internal.JsonContext.read(JsonContext.java:102)
	at com.jayway.jsonpath.internal.JsonContext.read(JsonContext.java:89)
	at com.jayway.jsonpath.JsonPath.read(JsonPath.java:488)
	at com.portal.base.utils.ApiUtils.extractResqData(ApiUtils.java:140)
	at com.portal.base.testCase.All_Test_Case.test_case(All_Test_Case.java:52)
... Removed 23 stack frames]]>
    </failure>
  </testcase> <!-- test_case -->
  <testcase name="test_case" time="0.023" classname="com.portal.base.testCase.All_Test_Case">
    <failure type="com.jayway.jsonpath.PathNotFoundException" message="Expected to find an object with property [&amp;apos;code&amp;apos;] in path $ but found &amp;apos;java.lang.String&amp;apos;. This is not a json object according to the JsonProvider: &amp;apos;com.jayway.jsonpath.spi.json.JsonSmartJsonProvider&amp;apos;.">
      <![CDATA[com.jayway.jsonpath.PathNotFoundException: Expected to find an object with property ['code'] in path $ but found 'java.lang.String'. This is not a json object according to the JsonProvider: 'com.jayway.jsonpath.spi.json.JsonSmartJsonProvider'.
	at com.jayway.jsonpath.internal.path.PropertyPathToken.evaluate(PropertyPathToken.java:71)
	at com.jayway.jsonpath.internal.path.RootPathToken.evaluate(RootPathToken.java:62)
	at com.jayway.jsonpath.internal.path.CompiledPath.evaluate(CompiledPath.java:53)
	at com.jayway.jsonpath.internal.path.CompiledPath.evaluate(CompiledPath.java:61)
	at com.jayway.jsonpath.JsonPath.read(JsonPath.java:187)
	at com.jayway.jsonpath.internal.JsonContext.read(JsonContext.java:102)
	at com.jayway.jsonpath.internal.JsonContext.read(JsonContext.java:85)
	at com.jayway.jsonpath.JsonPath.read(JsonPath.java:488)
	at com.portal.base.utils.AssertUtils.assertRespKeyInfo(AssertUtils.java:45)
	at com.portal.base.testCase.All_Test_Case.test_case(All_Test_Case.java:56)
... Removed 23 stack frames]]>
    </failure>
  </testcase> <!-- test_case -->
  <testcase name="test_case" time="0.026" classname="com.portal.base.testCase.All_Test_Case">
    <failure type="com.jayway.jsonpath.PathNotFoundException" message="No results for path: $[&amp;apos;result&amp;apos;][&amp;apos;list&amp;apos;][0][&amp;apos;opt&amp;apos;]">
      <![CDATA[com.jayway.jsonpath.PathNotFoundException: No results for path: $['result']['list'][0]['opt']
	at com.jayway.jsonpath.internal.path.EvaluationContextImpl.getValue(EvaluationContextImpl.java:133)
	at com.jayway.jsonpath.JsonPath.read(JsonPath.java:187)
	at com.jayway.jsonpath.internal.JsonContext.read(JsonContext.java:102)
	at com.jayway.jsonpath.internal.JsonContext.read(JsonContext.java:89)
	at com.jayway.jsonpath.JsonPath.read(JsonPath.java:488)
	at com.portal.base.utils.AssertUtils.assertRespKeyInfo(AssertUtils.java:45)
	at com.portal.base.testCase.All_Test_Case.test_case(All_Test_Case.java:56)
... Removed 23 stack frames]]>
    </failure>
  </testcase> <!-- test_case -->
</testsuite> <!-- all-test -->
